2011/04/10 20:51:15 [error] [exception.CHttpException.403] exception 'CHttpException' with message 'You are not authorized to perform this action.' in /var/www/vhosts/creativelemon.co.nz/subdomains/dev/httpdocs/Yii/1_1_7/web/auth/CAccessControlFilter.php:157
Stack trace:
#0 /var/www/vhosts/creativelemon.co.nz/subdomains/dev/httpdocs/Yii/1_1_7/web/auth/CAccessControlFilter.php(119): CAccessControlFilter->accessDenied(Object(CWebUser), 'You are not aut...')
#1 /var/www/vhosts/creativelemon.co.nz/subdomains/dev/httpdocs/Yii/1_1_7/web/filters/CFilter.php(39): CAccessControlFilter->preFilter(Object(CFilterChain))
#2 /var/www/vhosts/creativelemon.co.nz/subdomains/dev/httpdocs/Yii/1_1_7/web/CController.php(1122): CFilter->filter(Object(CFilterChain))
#3 /var/www/vhosts/creativelemon.co.nz/subdomains/dev/httpdocs/Yii/1_1_7/web/filters/CInlineFilter.php(59): CController->filterAccessControl(Object(CFilterChain))
#4 /var/www/vhosts/creativelemon.co.nz/subdomains/dev/httpdocs/Yii/1_1_7/web/filters/CFilterChain.php(130): CInlineFilter->filter(Object(CFilterChain))
#5 /var/www/vhosts/creativelemon.co.nz/subdomains/dev/httpdocs/Yii/1_1_7/web/CController.php(283): CFilterChain->run()
#6 /var/www/vhosts/creativelemon.co.nz/subdomains/dev/httpdocs/Yii/1_1_7/web/CController.php(257): CController->runActionWithFilters(Object(CInlineAction), Array)
#7 /var/www/vhosts/creativelemon.co.nz/subdomains/dev/httpdocs/Yii/1_1_7/web/CWebApplication.php(328): CController->run('autocomplete')
#8 /var/www/vhosts/creativelemon.co.nz/subdomains/dev/httpdocs/Yii/1_1_7/web/CWebApplication.php(121): CWebApplication->runController('search/autocomp...')
#9 /var/www/vhosts/creativelemon.co.nz/subdomains/dev/httpdocs/Yii/1_1_7/base/CApplication.php(155): CWebApplication->processRequest()
#10 /var/www/vhosts/creativelemon.co.nz/subdomains/dev/httpdocs/index.php(13): CApplication->run()
#11 {main} REQUEST_URI=/index.php?r=search/autocomplete&term=tes
2011/04/10 20:51:15 [error] [exception.CHttpException.403] exception 'CHttpException' with message 'You are not authorized to perform this action.' in /var/www/vhosts/creativelemon.co.nz/subdomains/dev/httpdocs/Yii/1_1_7/web/auth/CAccessControlFilter.php:157
Stack trace:
#0 /var/www/vhosts/creativelemon.co.nz/subdomains/dev/httpdocs/Yii/1_1_7/web/auth/CAccessControlFilter.php(119): CAccessControlFilter->accessDenied(Object(CWebUser), 'You are not aut...')
#1 /var/www/vhosts/creativelemon.co.nz/subdomains/dev/httpdocs/Yii/1_1_7/web/filters/CFilter.php(39): CAccessControlFilter->preFilter(Object(CFilterChain))
#2 /var/www/vhosts/creativelemon.co.nz/subdomains/dev/httpdocs/Yii/1_1_7/web/CController.php(1122): CFilter->filter(Object(CFilterChain))
#3 /var/www/vhosts/creativelemon.co.nz/subdomains/dev/httpdocs/Yii/1_1_7/web/filters/CInlineFilter.php(59): CController->filterAccessControl(Object(CFilterChain))
#4 /var/www/vhosts/creativelemon.co.nz/subdomains/dev/httpdocs/Yii/1_1_7/web/filters/CFilterChain.php(130): CInlineFilter->filter(Object(CFilterChain))
#5 /var/www/vhosts/creativelemon.co.nz/subdomains/dev/httpdocs/Yii/1_1_7/web/CController.php(283): CFilterChain->run()
#6 /var/www/vhosts/creativelemon.co.nz/subdomains/dev/httpdocs/Yii/1_1_7/web/CController.php(257): CController->runActionWithFilters(Object(CInlineAction), Array)
#7 /var/www/vhosts/creativelemon.co.nz/subdomains/dev/httpdocs/Yii/1_1_7/web/CWebApplication.php(328): CController->run('autocomplete')
#8 /var/www/vhosts/creativelemon.co.nz/subdomains/dev/httpdocs/Yii/1_1_7/web/CWebApplication.php(121): CWebApplication->runController('search/autocomp...')
#9 /var/www/vhosts/creativelemon.co.nz/subdomains/dev/httpdocs/Yii/1_1_7/base/CApplication.php(155): CWebApplication->processRequest()
#10 /var/www/vhosts/creativelemon.co.nz/subdomains/dev/httpdocs/index.php(13): CApplication->run()
#11 {main} REQUEST_URI=/index.php?r=search/autocomplete&term=tes
2011/04/10 20:51:15 [error] [exception.CHttpException.403] exception 'CHttpException' with message 'You are not authorized to perform this action.' in /var/www/vhosts/creativelemon.co.nz/subdomains/dev/httpdocs/Yii/1_1_7/web/auth/CAccessControlFilter.php:157
Stack trace:
#0 /var/www/vhosts/creativelemon.co.nz/subdomains/dev/httpdocs/Yii/1_1_7/web/auth/CAccessControlFilter.php(119): CAccessControlFilter->accessDenied(Object(CWebUser), 'You are not aut...')
#1 /var/www/vhosts/creativelemon.co.nz/subdomains/dev/httpdocs/Yii/1_1_7/web/filters/CFilter.php(39): CAccessControlFilter->preFilter(Object(CFilterChain))
#2 /var/www/vhosts/creativelemon.co.nz/subdomains/dev/httpdocs/Yii/1_1_7/web/CController.php(1122): CFilter->filter(Object(CFilterChain))
#3 /var/www/vhosts/creativelemon.co.nz/subdomains/dev/httpdocs/Yii/1_1_7/web/filters/CInlineFilter.php(59): CController->filterAccessControl(Object(CFilterChain))
#4 /var/www/vhosts/creativelemon.co.nz/subdomains/dev/httpdocs/Yii/1_1_7/web/filters/CFilterChain.php(130): CInlineFilter->filter(Object(CFilterChain))
#5 /var/www/vhosts/creativelemon.co.nz/subdomains/dev/httpdocs/Yii/1_1_7/web/CController.php(283): CFilterChain->run()
#6 /var/www/vhosts/creativelemon.co.nz/subdomains/dev/httpdocs/Yii/1_1_7/web/CController.php(257): CController->runActionWithFilters(Object(CInlineAction), Array)
#7 /var/www/vhosts/creativelemon.co.nz/subdomains/dev/httpdocs/Yii/1_1_7/web/CWebApplication.php(328): CController->run('autocomplete')
#8 /var/www/vhosts/creativelemon.co.nz/subdomains/dev/httpdocs/Yii/1_1_7/web/CWebApplication.php(121): CWebApplication->runController('search/autocomp...')
#9 /var/www/vhosts/creativelemon.co.nz/subdomains/dev/httpdocs/Yii/1_1_7/base/CApplication.php(155): CWebApplication->processRequest()
#10 /var/www/vhosts/creativelemon.co.nz/subdomains/dev/httpdocs/index.php(13): CApplication->run()
#11 {main} REQUEST_URI=/index.php?r=search/autocomplete&term=tes
2011/04/10 20:51:16 [error] [exception.CHttpException.403] exception 'CHttpException' with message 'You are not authorized to perform this action.' in /var/www/vhosts/creativelemon.co.nz/subdomains/dev/httpdocs/Yii/1_1_7/web/auth/CAccessControlFilter.php:157
Stack trace:
#0 /var/www/vhosts/creativelemon.co.nz/subdomains/dev/httpdocs/Yii/1_1_7/web/auth/CAccessControlFilter.php(119): CAccessControlFilter->accessDenied(Object(CWebUser), 'You are not aut...')
#1 /var/www/vhosts/creativelemon.co.nz/subdomains/dev/httpdocs/Yii/1_1_7/web/filters/CFilter.php(39): CAccessControlFilter->preFilter(Object(CFilterChain))
#2 /var/www/vhosts/creativelemon.co.nz/subdomains/dev/httpdocs/Yii/1_1_7/web/CController.php(1122): CFilter->filter(Object(CFilterChain))
#3 /var/www/vhosts/creativelemon.co.nz/subdomains/dev/httpdocs/Yii/1_1_7/web/filters/CInlineFilter.php(59): CController->filterAccessControl(Object(CFilterChain))
#4 /var/www/vhosts/creativelemon.co.nz/subdomains/dev/httpdocs/Yii/1_1_7/web/filters/CFilterChain.php(130): CInlineFilter->filter(Object(CFilterChain))
#5 /var/www/vhosts/creativelemon.co.nz/subdomains/dev/httpdocs/Yii/1_1_7/web/CController.php(283): CFilterChain->run()
#6 /var/www/vhosts/creativelemon.co.nz/subdomains/dev/httpdocs/Yii/1_1_7/web/CController.php(257): CController->runActionWithFilters(Object(CInlineAction), Array)
#7 /var/www/vhosts/creativelemon.co.nz/subdomains/dev/httpdocs/Yii/1_1_7/web/CWebApplication.php(328): CController->run('autocomplete')
#8 /var/www/vhosts/creativelemon.co.nz/subdomains/dev/httpdocs/Yii/1_1_7/web/CWebApplication.php(121): CWebApplication->runController('search/autocomp...')
#9 /var/www/vhosts/creativelemon.co.nz/subdomains/dev/httpdocs/Yii/1_1_7/base/CApplication.php(155): CWebApplication->processRequest()
#10 /var/www/vhosts/creativelemon.co.nz/subdomains/dev/httpdocs/index.php(13): CApplication->run()
#11 {main} REQUEST_URI=/index.php?r=search/autocomplete&term=tes
2011/04/10 20:51:16 [error] [exception.CHttpException.403] exception 'CHttpException' with message 'You are not authorized to perform this action.' in /var/www/vhosts/creativelemon.co.nz/subdomains/dev/httpdocs/Yii/1_1_7/web/auth/CAccessControlFilter.php:157
Stack trace:
#0 /var/www/vhosts/creativelemon.co.nz/subdomains/dev/httpdocs/Yii/1_1_7/web/auth/CAccessControlFilter.php(119): CAccessControlFilter->accessDenied(Object(CWebUser), 'You are not aut...')
#1 /var/www/vhosts/creativelemon.co.nz/subdomains/dev/httpdocs/Yii/1_1_7/web/filters/CFilter.php(39): CAccessControlFilter->preFilter(Object(CFilterChain))
#2 /var/www/vhosts/creativelemon.co.nz/subdomains/dev/httpdocs/Yii/1_1_7/web/CController.php(1122): CFilter->filter(Object(CFilterChain))
#3 /var/www/vhosts/creativelemon.co.nz/subdomains/dev/httpdocs/Yii/1_1_7/web/filters/CInlineFilter.php(59): CController->filterAccessControl(Object(CFilterChain))
#4 /var/www/vhosts/creativelemon.co.nz/subdomains/dev/httpdocs/Yii/1_1_7/web/filters/CFilterChain.php(130): CInlineFilter->filter(Object(CFilterChain))
#5 /var/www/vhosts/creativelemon.co.nz/subdomains/dev/httpdocs/Yii/1_1_7/web/CController.php(283): CFilterChain->run()
#6 /var/www/vhosts/creativelemon.co.nz/subdomains/dev/httpdocs/Yii/1_1_7/web/CController.php(257): CController->runActionWithFilters(Object(CInlineAction), Array)
#7 /var/www/vhosts/creativelemon.co.nz/subdomains/dev/httpdocs/Yii/1_1_7/web/CWebApplication.php(328): CController->run('autocomplete')
#8 /var/www/vhosts/creativelemon.co.nz/subdomains/dev/httpdocs/Yii/1_1_7/web/CWebApplication.php(121): CWebApplication->runController('search/autocomp...')
#9 /var/www/vhosts/creativelemon.co.nz/subdomains/dev/httpdocs/Yii/1_1_7/base/CApplication.php(155): CWebApplication->processRequest()
#10 /var/www/vhosts/creativelemon.co.nz/subdomains/dev/httpdocs/index.php(13): CApplication->run()
#11 {main} REQUEST_URI=/index.php?r=search/autocomplete&term=te
2011/04/10 21:06:20 [error] [php] Missing argument 1 for CController::redirect(), called in /var/www/vhosts/creativelemon.co.nz/subdomains/dev/httpdocs/protected/controllers/MeasureController.php on line 195 and defined (/var/www/vhosts/creativelemon.co.nz/subdomains/dev/httpdocs/Yii/1_1_7/web/CController.php:998)
Stack trace:
#0 /var/www/vhosts/creativelemon.co.nz/subdomains/dev/httpdocs/Yii/1_1_7/web/actions/CInlineAction.php(50): MeasureController->actionAddItem()
#1 /var/www/vhosts/creativelemon.co.nz/subdomains/dev/httpdocs/Yii/1_1_7/web/CController.php(300): CInlineAction->runWithParams()
#2 /var/www/vhosts/creativelemon.co.nz/subdomains/dev/httpdocs/Yii/1_1_7/web/CController.php(278): MeasureController->runAction()
#3 /var/www/vhosts/creativelemon.co.nz/subdomains/dev/httpdocs/Yii/1_1_7/web/CController.php(257): MeasureController->runActionWithFilters()
#4 /var/www/vhosts/creativelemon.co.nz/subdomains/dev/httpdocs/Yii/1_1_7/web/CWebApplication.php(328): MeasureController->run()
#5 /var/www/vhosts/creativelemon.co.nz/subdomains/dev/httpdocs/Yii/1_1_7/web/CWebApplication.php(121): CWebApplication->runController()
#6 /var/www/vhosts/creativelemon.co.nz/subdomains/dev/httpdocs/Yii/1_1_7/base/CApplication.php(155): CWebApplication->processRequest()
#7 /var/www/vhosts/creativelemon.co.nz/subdomains/dev/httpdocs/index.php(13): CWebApplication->run()
REQUEST_URI=/index.php?r=measure/addItem&id=35&item_id=18
in /var/www/vhosts/creativelemon.co.nz/subdomains/dev/httpdocs/protected/controllers/MeasureController.php (195)
in /var/www/vhosts/creativelemon.co.nz/subdomains/dev/httpdocs/protected/controllers/MeasureController.php (105)
in /var/www/vhosts/creativelemon.co.nz/subdomains/dev/httpdocs/index.php (13)
2011/04/10 21:06:46 [error] [php] Missing argument 1 for CController::redirect(), called in /var/www/vhosts/creativelemon.co.nz/subdomains/dev/httpdocs/protected/controllers/MeasureController.php on line 196 and defined (/var/www/vhosts/creativelemon.co.nz/subdomains/dev/httpdocs/Yii/1_1_7/web/CController.php:998)
Stack trace:
#0 /var/www/vhosts/creativelemon.co.nz/subdomains/dev/httpdocs/Yii/1_1_7/web/actions/CInlineAction.php(50): MeasureController->actionAddItem()
#1 /var/www/vhosts/creativelemon.co.nz/subdomains/dev/httpdocs/Yii/1_1_7/web/CController.php(300): CInlineAction->runWithParams()
#2 /var/www/vhosts/creativelemon.co.nz/subdomains/dev/httpdocs/Yii/1_1_7/web/CController.php(278): MeasureController->runAction()
#3 /var/www/vhosts/creativelemon.co.nz/subdomains/dev/httpdocs/Yii/1_1_7/web/CController.php(257): MeasureController->runActionWithFilters()
#4 /var/www/vhosts/creativelemon.co.nz/subdomains/dev/httpdocs/Yii/1_1_7/web/CWebApplication.php(328): MeasureController->run()
#5 /var/www/vhosts/creativelemon.co.nz/subdomains/dev/httpdocs/Yii/1_1_7/web/CWebApplication.php(121): CWebApplication->runController()
#6 /var/www/vhosts/creativelemon.co.nz/subdomains/dev/httpdocs/Yii/1_1_7/base/CApplication.php(155): CWebApplication->processRequest()
#7 /var/www/vhosts/creativelemon.co.nz/subdomains/dev/httpdocs/index.php(13): CWebApplication->run()
REQUEST_URI=/index.php?r=measure/addItem&id=35&item_id=18
in /var/www/vhosts/creativelemon.co.nz/subdomains/dev/httpdocs/protected/controllers/MeasureController.php (196)
in /var/www/vhosts/creativelemon.co.nz/subdomains/dev/httpdocs/protected/controllers/MeasureController.php (105)
in /var/www/vhosts/creativelemon.co.nz/subdomains/dev/httpdocs/index.php (13)
2011/04/10 21:07:07 [error] [php] Missing argument 1 for CController::redirect(), called in /var/www/vhosts/creativelemon.co.nz/subdomains/dev/httpdocs/protected/controllers/MeasureController.php on line 196 and defined (/var/www/vhosts/creativelemon.co.nz/subdomains/dev/httpdocs/Yii/1_1_7/web/CController.php:998)
Stack trace:
#0 /var/www/vhosts/creativelemon.co.nz/subdomains/dev/httpdocs/Yii/1_1_7/web/actions/CInlineAction.php(50): MeasureController->actionAddItem()
#1 /var/www/vhosts/creativelemon.co.nz/subdomains/dev/httpdocs/Yii/1_1_7/web/CController.php(300): CInlineAction->runWithParams()
#2 /var/www/vhosts/creativelemon.co.nz/subdomains/dev/httpdocs/Yii/1_1_7/web/CController.php(278): MeasureController->runAction()
#3 /var/www/vhosts/creativelemon.co.nz/subdomains/dev/httpdocs/Yii/1_1_7/web/CController.php(257): MeasureController->runActionWithFilters()
#4 /var/www/vhosts/creativelemon.co.nz/subdomains/dev/httpdocs/Yii/1_1_7/web/CWebApplication.php(328): MeasureController->run()
#5 /var/www/vhosts/creativelemon.co.nz/subdomains/dev/httpdocs/Yii/1_1_7/web/CWebApplication.php(121): CWebApplication->runController()
#6 /var/www/vhosts/creativelemon.co.nz/subdomains/dev/httpdocs/Yii/1_1_7/base/CApplication.php(155): CWebApplication->processRequest()
#7 /var/www/vhosts/creativelemon.co.nz/subdomains/dev/httpdocs/index.php(13): CWebApplication->run()
REQUEST_URI=/index.php?r=measure/addItem&id=35&item_id=18
in /var/www/vhosts/creativelemon.co.nz/subdomains/dev/httpdocs/protected/controllers/MeasureController.php (196)
in /var/www/vhosts/creativelemon.co.nz/subdomains/dev/httpdocs/protected/controllers/MeasureController.php (105)
in /var/www/vhosts/creativelemon.co.nz/subdomains/dev/httpdocs/index.php (13)
2011/04/10 21:07:21 [error] [php] Missing argument 1 for CController::redirect(), called in /var/www/vhosts/creativelemon.co.nz/subdomains/dev/httpdocs/protected/controllers/MeasureController.php on line 196 and defined (/var/www/vhosts/creativelemon.co.nz/subdomains/dev/httpdocs/Yii/1_1_7/web/CController.php:998)
Stack trace:
#0 /var/www/vhosts/creativelemon.co.nz/subdomains/dev/httpdocs/Yii/1_1_7/web/actions/CInlineAction.php(50): MeasureController->actionAddItem()
#1 /var/www/vhosts/creativelemon.co.nz/subdomains/dev/httpdocs/Yii/1_1_7/web/CController.php(300): CInlineAction->runWithParams()
#2 /var/www/vhosts/creativelemon.co.nz/subdomains/dev/httpdocs/Yii/1_1_7/web/CController.php(278): MeasureController->runAction()
#3 /var/www/vhosts/creativelemon.co.nz/subdomains/dev/httpdocs/Yii/1_1_7/web/CController.php(257): MeasureController->runActionWithFilters()
#4 /var/www/vhosts/creativelemon.co.nz/subdomains/dev/httpdocs/Yii/1_1_7/web/CWebApplication.php(328): MeasureController->run()
#5 /var/www/vhosts/creativelemon.co.nz/subdomains/dev/httpdocs/Yii/1_1_7/web/CWebApplication.php(121): CWebApplication->runController()
#6 /var/www/vhosts/creativelemon.co.nz/subdomains/dev/httpdocs/Yii/1_1_7/base/CApplication.php(155): CWebApplication->processRequest()
#7 /var/www/vhosts/creativelemon.co.nz/subdomains/dev/httpdocs/index.php(13): CWebApplication->run()
REQUEST_URI=/index.php?r=measure/addItem&id=35&item_id=18
in /var/www/vhosts/creativelemon.co.nz/subdomains/dev/httpdocs/protected/controllers/MeasureController.php (196)
in /var/www/vhosts/creativelemon.co.nz/subdomains/dev/httpdocs/protected/controllers/MeasureController.php (105)
in /var/www/vhosts/creativelemon.co.nz/subdomains/dev/httpdocs/index.php (13)
2011/04/10 21:13:11 [error] [exception.CHttpException.404] exception 'CHttpException' with message 'Unable to resolve the request "Subdomain".' in /var/www/vhosts/creativelemon.co.nz/subdomains/dev/httpdocs/Yii/1_1_7/web/CWebApplication.php:332
Stack trace:
#0 /var/www/vhosts/creativelemon.co.nz/subdomains/dev/httpdocs/Yii/1_1_7/web/CWebApplication.php(121): CWebApplication->runController('Subdomain')
#1 /var/www/vhosts/creativelemon.co.nz/subdomains/dev/httpdocs/Yii/1_1_7/base/CApplication.php(155): CWebApplication->processRequest()
#2 /var/www/vhosts/creativelemon.co.nz/subdomains/dev/httpdocs/index.php(13): CApplication->run()
#3 {main} REQUEST_URI=/index.php?r=Subdomain
2011/04/10 23:11:54 [error] [exception.CHttpException.404] exception 'CHttpException' with message 'Unable to resolve the request "dataObject/".' in /var/www/vhosts/creativelemon.co.nz/subdomains/dev/httpdocs/Yii/1_1_7/web/CWebApplication.php:332
Stack trace:
#0 /var/www/vhosts/creativelemon.co.nz/subdomains/dev/httpdocs/Yii/1_1_7/web/CWebApplication.php(121): CWebApplication->runController('dataObject/')
#1 /var/www/vhosts/creativelemon.co.nz/subdomains/dev/httpdocs/Yii/1_1_7/base/CApplication.php(155): CWebApplication->processRequest()
#2 /var/www/vhosts/creativelemon.co.nz/subdomains/dev/httpdocs/index.php(13): CApplication->run()
#3 {main} REQUEST_URI=/index.php?r=dataObject/
2011/04/10 23:11:59 [error] [exception.CHttpException.404] exception 'CHttpException' with message 'Unable to resolve the request "DataObject/".' in /var/www/vhosts/creativelemon.co.nz/subdomains/dev/httpdocs/Yii/1_1_7/web/CWebApplication.php:332
Stack trace:
#0 /var/www/vhosts/creativelemon.co.nz/subdomains/dev/httpdocs/Yii/1_1_7/web/CWebApplication.php(121): CWebApplication->runController('DataObject/')
#1 /var/www/vhosts/creativelemon.co.nz/subdomains/dev/httpdocs/Yii/1_1_7/base/CApplication.php(155): CWebApplication->processRequest()
#2 /var/www/vhosts/creativelemon.co.nz/subdomains/dev/httpdocs/index.php(13): CApplication->run()
#3 {main} REQUEST_URI=/index.php?r=DataObject/
2011/04/10 23:12:08 [error] [exception.CHttpException.404] exception 'CHttpException' with message 'Unable to resolve the request "datatype".' in /var/www/vhosts/creativelemon.co.nz/subdomains/dev/httpdocs/Yii/1_1_7/web/CWebApplication.php:332
Stack trace:
#0 /var/www/vhosts/creativelemon.co.nz/subdomains/dev/httpdocs/Yii/1_1_7/web/CWebApplication.php(121): CWebApplication->runController('datatype')
#1 /var/www/vhosts/creativelemon.co.nz/subdomains/dev/httpdocs/Yii/1_1_7/base/CApplication.php(155): CWebApplication->processRequest()
#2 /var/www/vhosts/creativelemon.co.nz/subdomains/dev/httpdocs/index.php(13): CApplication->run()
#3 {main} REQUEST_URI=/index.php?r=datatype
2011/04/10 23:15:11 [error] [exception.CHttpException.404] exception 'CHttpException' with message 'Unable to resolve the request "DataObject".' in /var/www/vhosts/creativelemon.co.nz/subdomains/dev/httpdocs/Yii/1_1_7/web/CWebApplication.php:332
Stack trace:
#0 /var/www/vhosts/creativelemon.co.nz/subdomains/dev/httpdocs/Yii/1_1_7/web/CWebApplication.php(121): CWebApplication->runController('DataObject')
#1 /var/www/vhosts/creativelemon.co.nz/subdomains/dev/httpdocs/Yii/1_1_7/base/CApplication.php(155): CWebApplication->processRequest()
#2 /var/www/vhosts/creativelemon.co.nz/subdomains/dev/httpdocs/index.php(13): CApplication->run()
#3 {main} REQUEST_URI=/index.php?r=DataObject
2011/04/10 23:18:31 [error] [exception.CException] exception 'CException' with message 'Property "ObjectType.is_data_type" is not defined.' in /var/www/vhosts/creativelemon.co.nz/subdomains/dev/httpdocs/Yii/1_1_7/base/CComponent.php:131
Stack trace:
#0 /var/www/vhosts/creativelemon.co.nz/subdomains/dev/httpdocs/Yii/1_1_7/db/ar/CActiveRecord.php(128): CComponent->__get('is_data_type')
#1 /var/www/vhosts/creativelemon.co.nz/subdomains/dev/httpdocs/protected/models/MeasureItem.php(85): CActiveRecord->__get('is_data_type')
#2 /var/www/vhosts/creativelemon.co.nz/subdomains/dev/httpdocs/protected/views/measure/_item/form/_string.php(16): MeasureItem->getItemDataField()
#3 /var/www/vhosts/creativelemon.co.nz/subdomains/dev/httpdocs/Yii/1_1_7/web/CBaseController.php(119): require('/var/www/vhosts...')
#4 /var/www/vhosts/creativelemon.co.nz/subdomains/dev/httpdocs/Yii/1_1_7/web/CBaseController.php(88): CBaseController->renderInternal('/var/www/vhosts...', Array, true)
#5 /var/www/vhosts/creativelemon.co.nz/subdomains/dev/httpdocs/Yii/1_1_7/web/CController.php(866): CBaseController->renderFile('/var/www/vhosts...', Array, true)
#6 /var/www/vhosts/creativelemon.co.nz/subdomains/dev/httpdocs/protected/views/measure/_item/form.php(17): CController->renderPartial('/measure/_item/...', Array)
#7 /var/www/vhosts/creativelemon.co.nz/subdomains/dev/httpdocs/Yii/1_1_7/web/CBaseController.php(119): require('/var/www/vhosts...')
#8 /var/www/vhosts/creativelemon.co.nz/subdomains/dev/httpdocs/Yii/1_1_7/web/CBaseController.php(88): CBaseController->renderInternal('/var/www/vhosts...', Array, true)
#9 /var/www/vhosts/creativelemon.co.nz/subdomains/dev/httpdocs/Yii/1_1_7/web/CController.php(866): CBaseController->renderFile('/var/www/vhosts...', Array, true)
#10 /var/www/vhosts/creativelemon.co.nz/subdomains/dev/httpdocs/Yii/1_1_7/web/CController.php(779): CController->renderPartial('/measure/_item/...', Array, true)
#11 /var/www/vhosts/creativelemon.co.nz/subdomains/dev/httpdocs/protected/controllers/MeasureController.php(202): CController->render('/measure/_item/...', Array)
#12 /var/www/vhosts/creativelemon.co.nz/subdomains/dev/httpdocs/protected/controllers/MeasureController.php(105): MeasureController->addEditItem()
#13 /var/www/vhosts/creativelemon.co.nz/subdomains/dev/httpdocs/Yii/1_1_7/web/actions/CInlineAction.php(50): MeasureController->actionAddItem()
#14 /var/www/vhosts/creativelemon.co.nz/subdomains/dev/httpdocs/Yii/1_1_7/web/CController.php(300): CInlineAction->runWithParams(Array)
#15 /var/www/vhosts/creativelemon.co.nz/subdomains/dev/httpdocs/Yii/1_1_7/web/CController.php(278): CController->runAction(Object(CInlineAction))
#16 /var/www/vhosts/creativelemon.co.nz/subdomains/dev/httpdocs/Yii/1_1_7/web/CController.php(257): CController->runActionWithFilters(Object(CInlineAction), Array)
#17 /var/www/vhosts/creativelemon.co.nz/subdomains/dev/httpdocs/Yii/1_1_7/web/CWebApplication.php(328): CController->run('addItem')
#18 /var/www/vhosts/creativelemon.co.nz/subdomains/dev/httpdocs/Yii/1_1_7/web/CWebApplication.php(121): CWebApplication->runController('measure/addItem')
#19 /var/www/vhosts/creativelemon.co.nz/subdomains/dev/httpdocs/Yii/1_1_7/base/CApplication.php(155): CWebApplication->processRequest()
#20 /var/www/vhosts/creativelemon.co.nz/subdomains/dev/httpdocs/index.php(13): CApplication->run()
#21 {main} REQUEST_URI=/index.php?r=measure/addItem&id=35&item_id=17
2011/04/10 23:19:30 [error] [exception.CException] exception 'CException' with message 'Property "MeasureItem.object_id" is not defined.' in /var/www/vhosts/creativelemon.co.nz/subdomains/dev/httpdocs/Yii/1_1_7/base/CComponent.php:131
Stack trace:
#0 /var/www/vhosts/creativelemon.co.nz/subdomains/dev/httpdocs/Yii/1_1_7/db/ar/CActiveRecord.php(128): CComponent->__get('object_id')
#1 /var/www/vhosts/creativelemon.co.nz/subdomains/dev/httpdocs/Yii/1_1_7/web/helpers/CHtml.php(2050): CActiveRecord->__get('object_id')
#2 /var/www/vhosts/creativelemon.co.nz/subdomains/dev/httpdocs/Yii/1_1_7/web/helpers/CHtml.php(1777): CHtml::resolveValue(Object(MeasureItem), 'object_id')
#3 /var/www/vhosts/creativelemon.co.nz/subdomains/dev/httpdocs/Yii/1_1_7/web/helpers/CHtml.php(1186): CHtml::activeInputField('text', Object(MeasureItem), 'object_id', Array)
#4 /var/www/vhosts/creativelemon.co.nz/subdomains/dev/httpdocs/Yii/1_1_7/web/widgets/CActiveForm.php(567): CHtml::activeTextField(Object(MeasureItem), 'object_id', Array)
#5 /var/www/vhosts/creativelemon.co.nz/subdomains/dev/httpdocs/protected/views/measure/_item/form/_string.php(16): CActiveForm->textField(Object(MeasureItem), 'object_id', Array)
#6 /var/www/vhosts/creativelemon.co.nz/subdomains/dev/httpdocs/Yii/1_1_7/web/CBaseController.php(119): require('/var/www/vhosts...')
#7 /var/www/vhosts/creativelemon.co.nz/subdomains/dev/httpdocs/Yii/1_1_7/web/CBaseController.php(88): CBaseController->renderInternal('/var/www/vhosts...', Array, true)
#8 /var/www/vhosts/creativelemon.co.nz/subdomains/dev/httpdocs/Yii/1_1_7/web/CController.php(866): CBaseController->renderFile('/var/www/vhosts...', Array, true)
#9 /var/www/vhosts/creativelemon.co.nz/subdomains/dev/httpdocs/protected/views/measure/_item/form.php(17): CController->renderPartial('/measure/_item/...', Array)
#10 /var/www/vhosts/creativelemon.co.nz/subdomains/dev/httpdocs/Yii/1_1_7/web/CBaseController.php(119): require('/var/www/vhosts...')
#11 /var/www/vhosts/creativelemon.co.nz/subdomains/dev/httpdocs/Yii/1_1_7/web/CBaseController.php(88): CBaseController->renderInternal('/var/www/vhosts...', Array, true)
#12 /var/www/vhosts/creativelemon.co.nz/subdomains/dev/httpdocs/Yii/1_1_7/web/CController.php(866): CBaseController->renderFile('/var/www/vhosts...', Array, true)
#13 /var/www/vhosts/creativelemon.co.nz/subdomains/dev/httpdocs/Yii/1_1_7/web/CController.php(779): CController->renderPartial('/measure/_item/...', Array, true)
#14 /var/www/vhosts/creativelemon.co.nz/subdomains/dev/httpdocs/protected/controllers/MeasureController.php(202): CController->render('/measure/_item/...', Array)
#15 /var/www/vhosts/creativelemon.co.nz/subdomains/dev/httpdocs/protected/controllers/MeasureController.php(105): MeasureController->addEditItem()
#16 /var/www/vhosts/creativelemon.co.nz/subdomains/dev/httpdocs/Yii/1_1_7/web/actions/CInlineAction.php(50): MeasureController->actionAddItem()
#17 /var/www/vhosts/creativelemon.co.nz/subdomains/dev/httpdocs/Yii/1_1_7/web/CController.php(300): CInlineAction->runWithParams(Array)
#18 /var/www/vhosts/creativelemon.co.nz/subdomains/dev/httpdocs/Yii/1_1_7/web/CController.php(278): CController->runAction(Object(CInlineAction))
#19 /var/www/vhosts/creativelemon.co.nz/subdomains/dev/httpdocs/Yii/1_1_7/web/CController.php(257): CController->runActionWithFilters(Object(CInlineAction), Array)
#20 /var/www/vhosts/creativelemon.co.nz/subdomains/dev/httpdocs/Yii/1_1_7/web/CWebApplication.php(328): CController->run('addItem')
#21 /var/www/vhosts/creativelemon.co.nz/subdomains/dev/httpdocs/Yii/1_1_7/web/CWebApplication.php(121): CWebApplication->runController('measure/addItem')
#22 /var/www/vhosts/creativelemon.co.nz/subdomains/dev/httpdocs/Yii/1_1_7/base/CApplication.php(155): CWebApplication->processRequest()
#23 /var/www/vhosts/creativelemon.co.nz/subdomains/dev/httpdocs/index.php(13): CApplication->run()
#24 {main} REQUEST_URI=/index.php?r=measure/addItem&id=35&item_id=18
